<?xml version="1.0" encoding="UTF-8"?>
<!-- Generated by org.testng.reporters.JUnitReportReporter -->
<testsuite hostname="DESKTOP-0KDP1L5" name="com.login.ZTest" tests="3" failures="0" timestamp="16 Nov 2017 03:42:03 GMT" time="0.609" errors="0">
  <testcase name="a3" time="0.204" classname="com.login.ZTest"/>
  <testcase name="a1" time="0.203" classname="com.login.ZTest"/>
  <testcase name="a2" time="0.202" classname="com.login.ZTest"/>
</testsuite> <!-- com.login.ZTest -->
