<?xml version="1.0" encoding="UTF-8"?>
<!-- Generated by org.testng.reporters.JUnitReportReporter -->
<testsuite hostname="DESKTOP-0KDP1L5" name="com.login.xTest" tests="5" failures="0" timestamp="16 Nov 2017 03:35:13 GMT" time="0.001" errors="0">
  <testcase name="c2" time="0.000" classname="com.login.xTest"/>
  <testcase name="c4" time="0.000" classname="com.login.xTest"/>
  <testcase name="z1" time="0.001" classname="com.login.xTest"/>
  <testcase name="c3" time="0.000" classname="com.login.xTest"/>
  <testcase name="c5" time="0.000" classname="com.login.xTest"/>
</testsuite> <!-- com.login.xTest -->
